{"/Users/frankcooke/Projects/next-universal-cookies/src/destroyCookie.ts": {"path":"/Users/frankcooke/Projects/next-universal-cookies/src/destroyCookie.ts","statementMap":{"0":{"start":{"line":1,"column":0},"end":{"line":1,"column":59}},"1":{"start":{"line":2,"column":0},"end":{"line":2,"column":64}},"2":{"start":{"line":10,"column":25},"end":{"line":14,"column":4}},"3":{"start":{"line":16,"column":2},"end":{"line":22,"column":null}},"4":{"start":{"line":17,"column":29},"end":{"line":17,"column":66}},"5":{"start":{"line":19,"column":32},"end":{"line":19,"column":84}},"6":{"start":{"line":21,"column":4},"end":{"line":21,"column":57}},"7":{"start":{"line":24,"column":2},"end":{"line":26,"column":null}},"8":{"start":{"line":25,"column":4},"end":{"line":25,"column":75}},"9":{"start":{"line":5,"column":0},"end":{"line":5,"column":16}}},"fnMap":{"0":{"name":"destroyCookie","decl":{"start":{"line":5,"column":16},"end":{"line":5,"column":29}},"loc":{"start":{"line":8,"column":34},"end":{"line":27,"column":1}}}},"branchMap":{"0":{"loc":{"start":{"line":13,"column":19},"end":{"line":13,"column":26}},"type":"binary-expr","locations":[{"start":{"line":13,"column":19},"end":{"line":13,"column":26}},{"start":{"line":13,"column":30},"end":{"line":13,"column":32}}]},"1":{"loc":{"start":{"line":16,"column":2},"end":{"line":22,"column":null}},"type":"if","locations":[{"start":{"line":16,"column":2},"end":{"line":22,"column":null}},{"start":{"line":16,"column":2},"end":{"line":22,"column":null}}]},"2":{"loc":{"start":{"line":16,"column":6},"end":{"line":16,"column":14}},"type":"binary-expr","locations":[{"start":{"line":16,"column":6},"end":{"line":16,"column":14}},{"start":{"line":16,"column":18},"end":{"line":16,"column":35}},{"start":{"line":16,"column":39},"end":{"line":16,"column":56}}]},"3":{"loc":{"start":{"line":16,"column":9},"end":{"line":16,"column":11}},"type":"cond-expr","locations":[{"start":{"line":16,"column":9},"end":{"line":16,"column":11}},{"start":{"line":16,"column":6},"end":{"line":16,"column":14}}]},"4":{"loc":{"start":{"line":16,"column":6},"end":{"line":16,"column":11}},"type":"binary-expr","locations":[{"start":{"line":16,"column":6},"end":{"line":16,"column":11}},{"start":{"line":16,"column":6},"end":{"line":16,"column":11}}]},"5":{"loc":{"start":{"line":17,"column":29},"end":{"line":17,"column":60}},"type":"binary-expr","locations":[{"start":{"line":17,"column":29},"end":{"line":17,"column":60}},{"start":{"line":17,"column":64},"end":{"line":17,"column":66}}]},"6":{"loc":{"start":{"line":24,"column":2},"end":{"line":26,"column":null}},"type":"if","locations":[{"start":{"line":24,"column":2},"end":{"line":26,"column":null}},{"start":{"line":24,"column":2},"end":{"line":26,"column":null}}]}},"s":{"0":4,"1":4,"2":2,"3":2,"4":1,"5":1,"6":1,"7":2,"8":2,"9":4},"f":{"0":2},"b":{"0":[2,2],"1":[1,1],"2":[2,1,1],"3":[1,1],"4":[2,1],"5":[1,1],"6":[2,0]}}
,"/Users/frankcooke/Projects/next-universal-cookies/src/getCookieValue.ts": {"path":"/Users/frankcooke/Projects/next-universal-cookies/src/getCookieValue.ts","statementMap":{"0":{"start":{"line":3,"column":0},"end":{"line":3,"column":46}},"1":{"start":{"line":5,"column":30},"end":{"line":12,"column":1}},"2":{"start":{"line":10,"column":18},"end":{"line":10,"column":44}},"3":{"start":{"line":11,"column":2},"end":{"line":11,"column":23}},"4":{"start":{"line":5,"column":13},"end":{"line":5,"column":30}}},"fnMap":{"0":{"name":"(anonymous_0)","decl":{"start":{"line":5,"column":30},"end":{"line":5,"column":null}},"loc":{"start":{"line":8,"column":30},"end":{"line":12,"column":1}}}},"branchMap":{},"s":{"0":4,"1":4,"2":2,"3":2,"4":4},"f":{"0":2},"b":{}}
,"/Users/frankcooke/Projects/next-universal-cookies/src/index.ts": {"path":"/Users/frankcooke/Projects/next-universal-cookies/src/index.ts","statementMap":{"0":{"start":{"line":1,"column":0},"end":{"line":1,"column":32}},"1":{"start":{"line":2,"column":0},"end":{"line":2,"column":33}},"2":{"start":{"line":3,"column":0},"end":{"line":3,"column":31}},"3":{"start":{"line":4,"column":0},"end":{"line":4,"column":28}}},"fnMap":{},"branchMap":{},"s":{"0":4,"1":4,"2":4,"3":4},"f":{},"b":{}}
,"/Users/frankcooke/Projects/next-universal-cookies/src/parseCookies.ts": {"path":"/Users/frankcooke/Projects/next-universal-cookies/src/parseCookies.ts","statementMap":{"0":{"start":{"line":1,"column":0},"end":{"line":1,"column":51}},"1":{"start":{"line":2,"column":0},"end":{"line":2,"column":36}},"2":{"start":{"line":9,"column":2},"end":{"line":11,"column":null}},"3":{"start":{"line":10,"column":4},"end":{"line":10,"column":60}},"4":{"start":{"line":13,"column":2},"end":{"line":15,"column":null}},"5":{"start":{"line":14,"column":4},"end":{"line":14,"column":43}},"6":{"start":{"line":17,"column":2},"end":{"line":17,"column":12}},"7":{"start":{"line":5,"column":0},"end":{"line":5,"column":16}}},"fnMap":{"0":{"name":"parseCookies","decl":{"start":{"line":5,"column":16},"end":{"line":5,"column":28}},"loc":{"start":{"line":7,"column":30},"end":{"line":18,"column":1}}}},"branchMap":{"0":{"loc":{"start":{"line":9,"column":2},"end":{"line":11,"column":null}},"type":"if","locations":[{"start":{"line":9,"column":2},"end":{"line":11,"column":null}},{"start":{"line":9,"column":2},"end":{"line":11,"column":null}}]},"1":{"loc":{"start":{"line":9,"column":14},"end":{"line":9,"column":16}},"type":"cond-expr","locations":[{"start":{"line":9,"column":14},"end":{"line":9,"column":16}},{"start":{"line":9,"column":14},"end":{"line":9,"column":30}}]},"2":{"loc":{"start":{"line":9,"column":6},"end":{"line":9,"column":16}},"type":"binary-expr","locations":[{"start":{"line":9,"column":6},"end":{"line":9,"column":16}},{"start":{"line":9,"column":14},"end":{"line":9,"column":16}}]},"3":{"loc":{"start":{"line":9,"column":9},"end":{"line":9,"column":11}},"type":"cond-expr","locations":[{"start":{"line":9,"column":9},"end":{"line":9,"column":11}},{"start":{"line":9,"column":6},"end":{"line":9,"column":14}}]},"4":{"loc":{"start":{"line":9,"column":6},"end":{"line":9,"column":11}},"type":"binary-expr","locations":[{"start":{"line":9,"column":6},"end":{"line":9,"column":11}},{"start":{"line":9,"column":6},"end":{"line":9,"column":11}}]},"5":{"loc":{"start":{"line":13,"column":2},"end":{"line":15,"column":null}},"type":"if","locations":[{"start":{"line":13,"column":2},"end":{"line":15,"column":null}},{"start":{"line":13,"column":2},"end":{"line":15,"column":null}}]}},"s":{"0":4,"1":4,"2":4,"3":2,"4":2,"5":2,"6":0,"7":4},"f":{"0":4},"b":{"0":[2,2],"1":[2,2],"2":[4,4],"3":[2,2],"4":[4,3],"5":[2,0]}}
,"/Users/frankcooke/Projects/next-universal-cookies/src/setCookie.ts": {"path":"/Users/frankcooke/Projects/next-universal-cookies/src/setCookie.ts","statementMap":{"0":{"start":{"line":1,"column":0},"end":{"line":1,"column":59}},"1":{"start":{"line":2,"column":0},"end":{"line":2,"column":64}},"2":{"start":{"line":10,"column":18},"end":{"line":10,"column":62}},"3":{"start":{"line":12,"column":2},"end":{"line":21,"column":null}},"4":{"start":{"line":13,"column":29},"end":{"line":13,"column":60}},"5":{"start":{"line":16,"column":32},"end":{"line":17,"column":null}},"6":{"start":{"line":17,"column":6},"end":{"line":17,"column":null}},"7":{"start":{"line":20,"column":4},"end":{"line":20,"column":57}},"8":{"start":{"line":23,"column":2},"end":{"line":27,"column":null}},"9":{"start":{"line":24,"column":4},"end":{"line":26,"column":7}},"10":{"start":{"line":25,"column":6},"end":{"line":25,"column":77}},"11":{"start":{"line":9,"column":0},"end":{"line":9,"column":16}}},"fnMap":{"0":{"name":"setCookie","decl":{"start":{"line":9,"column":16},"end":{"line":9,"column":25}},"loc":{"start":{"line":9,"column":90},"end":{"line":28,"column":1}}},"1":{"name":"(anonymous_1)","decl":{"start":{"line":16,"column":48},"end":{"line":16,"column":49}},"loc":{"start":{"line":16,"column":55},"end":{"line":17,"column":32}}},"2":{"name":"(anonymous_2)","decl":{"start":{"line":24,"column":20},"end":{"line":24,"column":21}},"loc":{"start":{"line":24,"column":27},"end":{"line":26,"column":5}}}},"branchMap":{"0":{"loc":{"start":{"line":10,"column":43},"end":{"line":10,"column":50}},"type":"cond-expr","locations":[{"start":{"line":10,"column":43},"end":{"line":10,"column":50}},{"start":{"line":10,"column":53},"end":{"line":10,"column":62}}]},"1":{"loc":{"start":{"line":12,"column":2},"end":{"line":21,"column":null}},"type":"if","locations":[{"start":{"line":12,"column":2},"end":{"line":21,"column":null}},{"start":{"line":12,"column":2},"end":{"line":21,"column":null}}]},"2":{"loc":{"start":{"line":12,"column":6},"end":{"line":12,"column":14}},"type":"binary-expr","locations":[{"start":{"line":12,"column":6},"end":{"line":12,"column":14}},{"start":{"line":12,"column":18},"end":{"line":12,"column":35}},{"start":{"line":12,"column":39},"end":{"line":12,"column":56}}]},"3":{"loc":{"start":{"line":12,"column":9},"end":{"line":12,"column":11}},"type":"cond-expr","locations":[{"start":{"line":12,"column":9},"end":{"line":12,"column":11}},{"start":{"line":12,"column":6},"end":{"line":12,"column":14}}]},"4":{"loc":{"start":{"line":12,"column":6},"end":{"line":12,"column":11}},"type":"binary-expr","locations":[{"start":{"line":12,"column":6},"end":{"line":12,"column":11}},{"start":{"line":12,"column":6},"end":{"line":12,"column":11}}]},"5":{"loc":{"start":{"line":17,"column":55},"end":{"line":17,"column":69}},"type":"binary-expr","locations":[{"start":{"line":17,"column":55},"end":{"line":17,"column":69}},{"start":{"line":17,"column":73},"end":{"line":17,"column":75}}]},"6":{"loc":{"start":{"line":23,"column":2},"end":{"line":27,"column":null}},"type":"if","locations":[{"start":{"line":23,"column":2},"end":{"line":27,"column":null}},{"start":{"line":23,"column":2},"end":{"line":27,"column":null}}]}},"s":{"0":4,"1":4,"2":3,"3":3,"4":2,"5":2,"6":3,"7":2,"8":3,"9":3,"10":5,"11":4},"f":{"0":3,"1":3,"2":5},"b":{"0":[2,1],"1":[2,1],"2":[3,2,2],"3":[1,2],"4":[3,2],"5":[3,3],"6":[3,0]}}
,"/Users/frankcooke/Projects/next-universal-cookies/src/utils/areCookiesEqual.ts": {"path":"/Users/frankcooke/Projects/next-universal-cookies/src/utils/areCookiesEqual.ts","statementMap":{"0":{"start":{"line":3,"column":31},"end":{"line":4,"column":3}},"1":{"start":{"line":4,"column":2},"end":{"line":9,"column":44}},"2":{"start":{"line":3,"column":13},"end":{"line":3,"column":31}}},"fnMap":{"0":{"name":"(anonymous_0)","decl":{"start":{"line":3,"column":31},"end":{"line":3,"column":32}},"loc":{"start":{"line":3,"column":52},"end":{"line":4,"column":3}}}},"branchMap":{"0":{"loc":{"start":{"line":4,"column":2},"end":{"line":4,"column":19}},"type":"binary-expr","locations":[{"start":{"line":4,"column":2},"end":{"line":4,"column":19}},{"start":{"line":5,"column":2},"end":{"line":5,"column":39}},{"start":{"line":6,"column":2},"end":{"line":6,"column":35}},{"start":{"line":7,"column":2},"end":{"line":7,"column":43}},{"start":{"line":8,"column":2},"end":{"line":8,"column":39}},{"start":{"line":9,"column":2},"end":{"line":9,"column":43}}]}},"s":{"0":4,"1":0,"2":4},"f":{"0":0},"b":{"0":[0,0,0,0,0,0]}}
,"/Users/frankcooke/Projects/next-universal-cookies/src/utils/getCookieHeadersWithCookie.ts": {"path":"/Users/frankcooke/Projects/next-universal-cookies/src/utils/getCookieHeadersWithCookie.ts","statementMap":{"0":{"start":{"line":1,"column":0},"end":{"line":1,"column":61}},"1":{"start":{"line":2,"column":0},"end":{"line":2,"column":52}},"2":{"start":{"line":3,"column":0},"end":{"line":3,"column":54}},"3":{"start":{"line":6,"column":42},"end":{"line":29,"column":1}},"4":{"start":{"line":11,"column":2},"end":{"line":11,"column":55}},"5":{"start":{"line":11,"column":35},"end":{"line":11,"column":55}},"6":{"start":{"line":12,"column":2},"end":{"line":12,"column":48}},"7":{"start":{"line":12,"column":35},"end":{"line":12,"column":48}},"8":{"start":{"line":13,"column":2},"end":{"line":13,"column":51}},"9":{"start":{"line":13,"column":38},"end":{"line":13,"column":51}},"10":{"start":{"line":15,"column":26},"end":{"line":15,"column":56}},"11":{"start":{"line":16,"column":35},"end":{"line":24,"column":null}},"12":{"start":{"line":18,"column":6},"end":{"line":22,"column":null}},"13":{"start":{"line":19,"column":8},"end":{"line":19,"column":19}},"14":{"start":{"line":21,"column":8},"end":{"line":21,"column":42}},"15":{"start":{"line":28,"column":2},"end":{"line":28,"column":42}},"16":{"start":{"line":6,"column":13},"end":{"line":6,"column":42}}},"fnMap":{"0":{"name":"(anonymous_0)","decl":{"start":{"line":6,"column":42},"end":{"line":6,"column":null}},"loc":{"start":{"line":8,"column":49},"end":{"line":29,"column":1}}},"1":{"name":"(anonymous_1)","decl":{"start":{"line":17,"column":4},"end":{"line":17,"column":5}},"loc":{"start":{"line":17,"column":24},"end":{"line":23,"column":5}}}},"branchMap":{"0":{"loc":{"start":{"line":11,"column":2},"end":{"line":11,"column":55}},"type":"if","locations":[{"start":{"line":11,"column":2},"end":{"line":11,"column":55}},{"start":{"line":11,"column":2},"end":{"line":11,"column":55}}]},"1":{"loc":{"start":{"line":12,"column":2},"end":{"line":12,"column":48}},"type":"if","locations":[{"start":{"line":12,"column":2},"end":{"line":12,"column":48}},{"start":{"line":12,"column":2},"end":{"line":12,"column":48}}]},"2":{"loc":{"start":{"line":13,"column":2},"end":{"line":13,"column":51}},"type":"if","locations":[{"start":{"line":13,"column":2},"end":{"line":13,"column":51}},{"start":{"line":13,"column":2},"end":{"line":13,"column":51}}]},"3":{"loc":{"start":{"line":18,"column":6},"end":{"line":22,"column":null}},"type":"if","locations":[{"start":{"line":18,"column":6},"end":{"line":22,"column":null}},{"start":{"line":18,"column":6},"end":{"line":22,"column":null}}]}},"s":{"0":4,"1":4,"2":4,"3":4,"4":4,"5":0,"6":4,"7":0,"8":4,"9":3,"10":4,"11":4,"12":0,"13":0,"14":0,"15":4,"16":4},"f":{"0":4,"1":0},"b":{"0":[0,4],"1":[0,4],"2":[3,1],"3":[0,0]}}
,"/Users/frankcooke/Projects/next-universal-cookies/src/utils/index.ts": {"path":"/Users/frankcooke/Projects/next-universal-cookies/src/utils/index.ts","statementMap":{"0":{"start":{"line":1,"column":0},"end":{"line":1,"column":34}},"1":{"start":{"line":2,"column":0},"end":{"line":2,"column":37}},"2":{"start":{"line":3,"column":0},"end":{"line":3,"column":35}},"3":{"start":{"line":4,"column":0},"end":{"line":4,"column":45}},"4":{"start":{"line":5,"column":0},"end":{"line":5,"column":35}},"5":{"start":{"line":6,"column":0},"end":{"line":6,"column":28}}},"fnMap":{},"branchMap":{},"s":{"0":4,"1":4,"2":4,"3":4,"4":4,"5":4},"f":{},"b":{}}
,"/Users/frankcooke/Projects/next-universal-cookies/src/utils/isBrowser.ts": {"path":"/Users/frankcooke/Projects/next-universal-cookies/src/utils/isBrowser.ts","statementMap":{"0":{"start":{"line":1,"column":25},"end":{"line":1,"column":38}},"1":{"start":{"line":1,"column":31},"end":{"line":1,"column":61}},"2":{"start":{"line":1,"column":13},"end":{"line":1,"column":25}}},"fnMap":{"0":{"name":"(anonymous_0)","decl":{"start":{"line":1,"column":25},"end":{"line":1,"column":31}},"loc":{"start":{"line":1,"column":25},"end":{"line":1,"column":38}}}},"branchMap":{},"s":{"0":4,"1":7,"2":4},"f":{"0":7},"b":{}}
,"/Users/frankcooke/Projects/next-universal-cookies/src/utils/isNonEmptyString.ts": {"path":"/Users/frankcooke/Projects/next-universal-cookies/src/utils/isNonEmptyString.ts","statementMap":{"0":{"start":{"line":1,"column":32},"end":{"line":1,"column":61}},"1":{"start":{"line":1,"column":58},"end":{"line":1,"column":76}},"2":{"start":{"line":1,"column":13},"end":{"line":1,"column":32}}},"fnMap":{"0":{"name":"(anonymous_0)","decl":{"start":{"line":1,"column":32},"end":{"line":1,"column":33}},"loc":{"start":{"line":1,"column":44},"end":{"line":1,"column":61}}}},"branchMap":{},"s":{"0":4,"1":0,"2":4},"f":{"0":0},"b":{}}
,"/Users/frankcooke/Projects/next-universal-cookies/src/utils/parseCookieHeaders.ts": {"path":"/Users/frankcooke/Projects/next-universal-cookies/src/utils/parseCookieHeaders.ts","statementMap":{"0":{"start":{"line":2,"column":0},"end":{"line":2,"column":54}},"1":{"start":{"line":5,"column":37},"end":{"line":6,"column":9}},"2":{"start":{"line":6,"column":2},"end":{"line":57,"column":5}},"3":{"start":{"line":8,"column":37},"end":{"line":8,"column":79}},"4":{"start":{"line":8,"column":23},"end":{"line":8,"column":28}},"5":{"start":{"line":8,"column":33},"end":{"line":8,"column":37}},"6":{"start":{"line":9,"column":32},"end":{"line":9,"column":55}},"7":{"start":{"line":9,"column":15},"end":{"line":9,"column":20}},"8":{"start":{"line":9,"column":28},"end":{"line":9,"column":32}},"9":{"start":{"line":10,"column":18},"end":{"line":10,"column":56}},"10":{"start":{"line":13,"column":20},"end":{"line":48,"column":10}},"11":{"start":{"line":14,"column":36},"end":{"line":14,"column":51}},"12":{"start":{"line":14,"column":19},"end":{"line":14,"column":24}},"13":{"start":{"line":14,"column":32},"end":{"line":14,"column":36}},"14":{"start":{"line":15,"column":18},"end":{"line":15,"column":49}},"15":{"start":{"line":16,"column":20},"end":{"line":16,"column":38}},"16":{"start":{"line":18,"column":6},"end":{"line":47,"column":null}},"17":{"start":{"line":20,"column":10},"end":{"line":20,"column":43}},"18":{"start":{"line":22,"column":10},"end":{"line":22,"column":53}},"19":{"start":{"line":24,"column":10},"end":{"line":24,"column":44}},"20":{"start":{"line":26,"column":10},"end":{"line":26,"column":57}},"21":{"start":{"line":28,"column":10},"end":{"line":28,"column":41}},"22":{"start":{"line":30,"column":27},"end":{"line":30,"column":46}},"23":{"start":{"line":31,"column":10},"end":{"line":41,"column":null}},"24":{"start":{"line":33,"column":14},"end":{"line":33,"column":52}},"25":{"start":{"line":35,"column":14},"end":{"line":35,"column":49}},"26":{"start":{"line":37,"column":14},"end":{"line":37,"column":50}},"27":{"start":{"line":39,"column":14},"end":{"line":39,"column":70}},"28":{"start":{"line":44,"column":10},"end":{"line":44,"column":42}},"29":{"start":{"line":46,"column":10},"end":{"line":46,"column":42}},"30":{"start":{"line":50,"column":27},"end":{"line":54,"column":6}},"31":{"start":{"line":56,"column":4},"end":{"line":56,"column":18}},"32":{"start":{"line":5,"column":13},"end":{"line":5,"column":37}}},"fnMap":{"0":{"name":"(anonymous_0)","decl":{"start":{"line":5,"column":37},"end":{"line":5,"column":38}},"loc":{"start":{"line":5,"column":55},"end":{"line":6,"column":9}}},"1":{"name":"(anonymous_1)","decl":{"start":{"line":6,"column":14},"end":{"line":6,"column":15}},"loc":{"start":{"line":6,"column":21},"end":{"line":57,"column":3}}},"2":{"name":"(anonymous_2)","decl":{"start":{"line":13,"column":57},"end":{"line":13,"column":58}},"loc":{"start":{"line":13,"column":67},"end":{"line":48,"column":5}}}},"branchMap":{"0":{"loc":{"start":{"line":19,"column":8},"end":{"line":20,"column":43}},"type":"switch","locations":[{"start":{"line":19,"column":8},"end":{"line":20,"column":43}},{"start":{"line":21,"column":8},"end":{"line":22,"column":53}},{"start":{"line":23,"column":8},"end":{"line":24,"column":44}},{"start":{"line":25,"column":8},"end":{"line":26,"column":57}},{"start":{"line":27,"column":8},"end":{"line":28,"column":41}},{"start":{"line":29,"column":8},"end":{"line":42,"column":null}},{"start":{"line":43,"column":8},"end":{"line":44,"column":42}},{"start":{"line":45,"column":8},"end":{"line":46,"column":42}}]},"1":{"loc":{"start":{"line":32,"column":12},"end":{"line":33,"column":52}},"type":"switch","locations":[{"start":{"line":32,"column":12},"end":{"line":33,"column":52}},{"start":{"line":34,"column":12},"end":{"line":35,"column":49}},{"start":{"line":36,"column":12},"end":{"line":37,"column":50}},{"start":{"line":38,"column":12},"end":{"line":40,"column":null}}]}},"s":{"0":4,"1":4,"2":4,"3":0,"4":0,"5":0,"6":0,"7":0,"8":0,"9":0,"10":0,"11":0,"12":0,"13":0,"14":0,"15":0,"16":0,"17":0,"18":0,"19":0,"20":0,"21":0,"22":0,"23":0,"24":0,"25":0,"26":0,"27":0,"28":0,"29":0,"30":0,"31":0,"32":4},"f":{"0":4,"1":0,"2":0},"b":{"0":[0,0,0,0,0,0,0,0],"1":[0,0,0,0]}}
,"/Users/frankcooke/Projects/next-universal-cookies/src/utils/setCookieHeaders.ts": {"path":"/Users/frankcooke/Projects/next-universal-cookies/src/utils/setCookieHeaders.ts","statementMap":{"0":{"start":{"line":1,"column":0},"end":{"line":1,"column":35}},"1":{"start":{"line":4,"column":32},"end":{"line":5,"column":9}},"2":{"start":{"line":5,"column":2},"end":{"line":5,"column":80}},"3":{"start":{"line":5,"column":26},"end":{"line":5,"column":79}},"4":{"start":{"line":4,"column":13},"end":{"line":4,"column":32}}},"fnMap":{"0":{"name":"(anonymous_0)","decl":{"start":{"line":4,"column":32},"end":{"line":4,"column":33}},"loc":{"start":{"line":4,"column":50},"end":{"line":5,"column":9}}},"1":{"name":"(anonymous_1)","decl":{"start":{"line":5,"column":14},"end":{"line":5,"column":15}},"loc":{"start":{"line":5,"column":21},"end":{"line":5,"column":35}}}},"branchMap":{},"s":{"0":4,"1":4,"2":4,"3":4,"4":4},"f":{"0":4,"1":4},"b":{}}
}
