TN:
SF:src/destroyCookie.ts
FN:14,destroyCookie
FNF:1
FNH:1
FNDA:2,destroyCookie
DA:1,4
DA:2,4
DA:14,4
DA:19,2
DA:22,2
DA:23,1
DA:24,1
DA:25,1
DA:27,1
DA:28,1
DA:29,1
DA:32,2
DA:38,2
DA:39,2
DA:40,1
DA:42,1
DA:47,1
DA:50,2
DA:51,2
LF:19
LH:19
BRDA:19,0,0,2
BRDA:19,0,1,2
BRDA:22,1,0,1
BRDA:22,1,1,1
BRDA:35,2,0,2
BRDA:35,2,1,2
BRDA:38,3,0,1
BRDA:38,3,1,1
BRDA:38,4,0,2
BRDA:38,4,1,1
BRDA:39,5,0,1
BRDA:39,5,1,1
BRDA:39,6,0,2
BRDA:39,6,1,1
BRDA:39,7,0,1
BRDA:39,7,1,1
BRDA:39,8,0,2
BRDA:39,8,1,2
BRDA:39,9,0,0
BRDA:39,9,1,1
BRDA:39,10,0,1
BRDA:39,10,1,1
BRDA:40,11,0,1
BRDA:40,11,1,1
BRDA:50,12,0,2
BRDA:50,12,1,0
BRF:26
BRH:24
end_of_record
TN:
SF:src/getCookieValue.ts
FN:14,getCookieValue
FNF:1
FNH:1
FNDA:2,getCookieValue
DA:3,4
DA:14,4
DA:19,2
DA:22,2
DA:23,1
DA:24,1
DA:25,1
DA:27,1
DA:28,1
DA:29,1
DA:32,2
DA:35,2
LF:12
LH:12
BRDA:19,0,0,2
BRDA:19,0,1,2
BRDA:22,1,0,1
BRDA:22,1,1,1
BRDA:33,2,0,1
BRDA:33,2,1,1
BRF:6
BRH:6
end_of_record
TN:
SF:src/index.ts
FNF:0
FNH:0
DA:1,4
DA:2,4
DA:3,4
DA:4,4
LF:4
LH:4
BRF:0
BRH:0
end_of_record
TN:
SF:src/parseCookies.ts
FN:12,parseCookies
FNF:1
FNH:1
FNDA:4,parseCookies
DA:1,4
DA:2,4
DA:12,4
DA:16,4
DA:17,4
DA:18,4
DA:19,4
DA:20,2
DA:23,2
DA:24,2
DA:27,0
LF:11
LH:10
BRDA:16,0,0,2
BRDA:16,0,1,2
BRDA:16,1,0,2
BRDA:16,1,1,2
BRDA:16,2,0,4
BRDA:16,2,1,4
BRDA:17,3,0,2
BRDA:17,3,1,2
BRDA:18,4,0,2
BRDA:18,4,1,2
BRDA:18,5,0,4
BRDA:18,5,1,2
BRDA:19,6,0,2
BRDA:19,6,1,2
BRDA:19,7,0,2
BRDA:19,7,1,2
BRDA:19,8,0,4
BRDA:19,8,1,4
BRDA:23,9,0,2
BRDA:23,9,1,0
BRF:20
BRH:19
end_of_record
TN:
SF:src/setCookie.ts
FN:14,setCookie
FN:31,(anonymous_1)
FN:42,(anonymous_2)
FNF:3
FNH:3
FNDA:3,setCookie
FNDA:3,(anonymous_1)
FNDA:5,(anonymous_2)
DA:1,4
DA:2,4
DA:14,4
DA:19,3
DA:20,2
DA:22,1
DA:24,3
DA:26,3
DA:27,3
DA:28,2
DA:31,2
DA:32,3
DA:38,2
DA:41,3
DA:42,3
DA:43,5
LF:16
LH:16
BRDA:19,0,0,2
BRDA:19,0,1,1
BRDA:24,1,0,2
BRDA:24,1,1,1
BRDA:27,2,0,2
BRDA:27,2,1,1
BRDA:27,3,0,3
BRDA:27,3,1,2
BRDA:27,3,2,2
BRDA:27,4,0,0
BRDA:27,4,1,3
BRDA:27,5,0,3
BRDA:27,5,1,3
BRDA:33,6,0,3
BRDA:33,6,1,2
BRDA:41,7,0,3
BRDA:41,7,1,0
BRF:17
BRH:15
end_of_record
