TN:
SF:src/destroyCookie.ts
FN:11,destroyCookie
FNF:1
FNH:1
FNDA:2,destroyCookie
DA:1,4
DA:2,4
DA:11,4
DA:16,2
DA:19,2
DA:20,1
DA:21,1
DA:22,1
DA:24,1
DA:25,1
DA:26,1
DA:29,2
DA:35,2
DA:36,1
DA:38,1
DA:40,1
DA:43,2
DA:44,2
LF:18
LH:18
BRDA:16,0,0,2
BRDA:16,0,1,2
BRDA:19,1,0,1
BRDA:19,1,1,1
BRDA:32,2,0,2
BRDA:32,2,1,2
BRDA:35,3,0,1
BRDA:35,3,1,1
BRDA:35,4,0,2
BRDA:35,4,1,1
BRDA:35,4,2,1
BRDA:35,5,0,1
BRDA:35,5,1,1
BRDA:35,6,0,2
BRDA:35,6,1,1
BRDA:36,7,0,1
BRDA:36,7,1,1
BRDA:43,8,0,2
BRDA:43,8,1,0
BRF:19
BRH:18
end_of_record
TN:
SF:src/getCookieValue.ts
FN:11,getCookieValue
FNF:1
FNH:1
FNDA:2,getCookieValue
DA:3,4
DA:11,4
DA:16,2
DA:19,2
DA:20,1
DA:21,1
DA:22,1
DA:24,1
DA:25,1
DA:26,1
DA:29,2
DA:32,2
LF:12
LH:12
BRDA:16,0,0,2
BRDA:16,0,1,2
BRDA:19,1,0,1
BRDA:19,1,1,1
BRDA:30,2,0,1
BRDA:30,2,1,1
BRF:6
BRH:6
end_of_record
TN:
SF:src/index.ts
FNF:0
FNH:0
DA:1,4
DA:2,4
DA:3,4
DA:4,4
LF:4
LH:4
BRF:0
BRH:0
end_of_record
TN:
SF:src/parseCookies.ts
FN:7,parseCookies
FNF:1
FNH:1
FNDA:4,parseCookies
DA:1,4
DA:2,4
DA:7,4
DA:11,4
DA:12,4
DA:13,4
DA:14,4
DA:15,2
DA:18,2
DA:19,2
DA:22,0
LF:11
LH:10
BRDA:11,0,0,2
BRDA:11,0,1,2
BRDA:11,1,0,2
BRDA:11,1,1,2
BRDA:11,2,0,4
BRDA:11,2,1,4
BRDA:12,3,0,2
BRDA:12,3,1,2
BRDA:13,4,0,2
BRDA:13,4,1,2
BRDA:13,5,0,4
BRDA:13,5,1,2
BRDA:14,6,0,2
BRDA:14,6,1,2
BRDA:14,7,0,2
BRDA:14,7,1,2
BRDA:14,8,0,4
BRDA:14,8,1,4
BRDA:18,9,0,2
BRDA:18,9,1,0
BRF:20
BRH:19
end_of_record
TN:
SF:src/setCookie.ts
FN:11,setCookie
FN:28,(anonymous_1)
FN:36,(anonymous_2)
FNF:3
FNH:3
FNDA:3,setCookie
FNDA:3,(anonymous_1)
FNDA:5,(anonymous_2)
DA:1,4
DA:2,4
DA:11,4
DA:16,3
DA:17,2
DA:19,1
DA:21,3
DA:23,3
DA:24,3
DA:25,2
DA:28,2
DA:29,3
DA:32,2
DA:35,3
DA:36,3
DA:37,5
LF:16
LH:16
BRDA:16,0,0,2
BRDA:16,0,1,1
BRDA:21,1,0,2
BRDA:21,1,1,1
BRDA:24,2,0,2
BRDA:24,2,1,1
BRDA:24,3,0,3
BRDA:24,3,1,2
BRDA:24,3,2,2
BRDA:24,4,0,0
BRDA:24,4,1,3
BRDA:24,5,0,3
BRDA:24,5,1,3
BRDA:29,6,0,3
BRDA:29,6,1,3
BRDA:35,7,0,3
BRDA:35,7,1,0
BRF:17
BRH:15
end_of_record
